<?xml version="1.0" encoding="UTF-8"?>
<!-- Generated by org.testng.reporters.JUnitReportReporter -->
<testsuite hostname="DESKTOP-PPERJRJ" failures="0" tests="1" name="com.WordPress1.testCases.TC_VerifyLogin_001" time="16.348" errors="0" timestamp="2024-01-20T13:50:31 IST" skipped="0">
  <testcase classname="com.WordPress1.testCases.TC_VerifyLogin_001" name="VerifyLogin" time="16.348"/>
</testsuite> <!-- com.WordPress1.testCases.TC_VerifyLogin_001 -->
