<?xml version="1.0" encoding="UTF-8"?>
<!-- Generated by org.testng.reporters.JUnitReportReporter -->
<testsuite hostname="DESKTOP-PPERJRJ" failures="0" tests="1" name="com.WordPress1.testCases.TC_VerifyWPHomePage" time="11.569" errors="0" timestamp="2024-01-20T13:50:31 IST" skipped="0">
  <testcase classname="com.WordPress1.testCases.TC_VerifyWPHomePage" name="VerifyHomePage" time="11.569"/>
</testsuite> <!-- com.WordPress1.testCases.TC_VerifyWPHomePage -->
