<?xml version="1.0" encoding="UTF-8"?>
<!-- Generated by org.testng.reporters.JUnitReportReporter -->
<testsuite hostname="DESKTOP-PPERJRJ" failures="0" tests="1" name="com.WordPress1.testCases.TC_VerifyLogin_001" time="18.363" errors="0" timestamp="2024-01-21T10:20:51 IST" skipped="0">
  <testcase classname="com.WordPress1.testCases.TC_VerifyLogin_001" name="VerifyLogin" time="18.363"/>
</testsuite> <!-- com.WordPress1.testCases.TC_VerifyLogin_001 -->
